[debug] [2025-11-07T07:12:31.176Z] ----------------------------------------------------------------------
[debug] [2025-11-07T07:12:31.179Z] Command:       C:\Program Files\nodejs\node.exe C:\Users\xdfcg\AppData\Roaming\npm\node_modules\firebase-tools\lib\bin\firebase.js init
[debug] [2025-11-07T07:12:31.180Z] CLI Version:   14.24.0
[debug] [2025-11-07T07:12:31.180Z] Platform:      win32
[debug] [2025-11-07T07:12:31.180Z] Node Version:  v24.11.0
[debug] [2025-11-07T07:12:31.180Z] Time:          Fri Nov 07 2025 16:12:31 GMT+0900 (日本標準時)
[debug] [2025-11-07T07:12:31.181Z] ----------------------------------------------------------------------
[debug] 
[info] 
     ######## #### ########  ######## ########     ###     ######  ########
     ##        ##  ##     ## ##       ##     ##  ##   ##  ##       ##
     ######    ##  ########  ######   ########  #########  ######  ######
     ##        ##  ##    ##  ##       ##     ## ##     ##       ## ##
     ##       #### ##     ## ######## ########  ##     ##  ######  ########

You're about to initialize a Firebase project in this directory:

  C:\Users\xdfcg\manabi-admin

[info] 
=== Project Setup
[info] 
[info] First, let's associate this project directory with a Firebase project.
[info] You can create multiple project aliases by running firebase use --add, 
[info] 
[debug] [2025-11-07T07:12:54.847Z] > command requires scopes: ["email","openid","https://www.googleapis.com/auth/cloudplatformprojects.readonly","https://www.googleapis.com/auth/firebase","https://www.googleapis.com/auth/cloud-platform"]
[debug] [2025-11-07T07:12:54.848Z] > authorizing via signed-in user (n.taiga2412.n@gmail.com)
[debug] [2025-11-07T07:12:54.850Z] Checked if tokens are valid: true, expires at: 1762502626076
[debug] [2025-11-07T07:12:54.850Z] Checked if tokens are valid: true, expires at: 1762502626076
[debug] [2025-11-07T07:12:54.852Z] >>> [apiv2][query] GET https://firebase.googleapis.com/v1beta1/projects/manabilink-26389 [none]
[debug] [2025-11-07T07:12:55.281Z] <<< [apiv2][status] GET https://firebase.googleapis.com/v1beta1/projects/manabilink-26389 200
[debug] [2025-11-07T07:12:55.281Z] <<< [apiv2][body] GET https://firebase.googleapis.com/v1beta1/projects/manabilink-26389 {"projectId":"manabilink-26389","projectNumber":"511559359273","displayName":"ManabiLink","name":"projects/manabilink-26389","resources":{"hostingSite":"manabilink-26389"},"state":"ACTIVE","etag":"1_94ef441f-a773-45fa-87b3-60d6360269c2"}
[info] i  Using project manabilink-26389 (ManabiLink) . 
[info] 
=== Firestore Setup
[info] i  firestore: ensuring required API firestore.googleapis.com is enabled... 
[debug] [2025-11-07T07:12:55.315Z] Checked if tokens are valid: true, expires at: 1762502626076
[debug] [2025-11-07T07:12:55.315Z] Checked if tokens are valid: true, expires at: 1762502626076
[debug] [2025-11-07T07:12:55.315Z] >>> [apiv2][query] GET https://serviceusage.googleapis.com/v1/projects/manabilink-26389/services/firestore.googleapis.com [none]
[debug] [2025-11-07T07:12:55.315Z] >>> [apiv2][(partial)header] GET https://serviceusage.googleapis.com/v1/projects/manabilink-26389/services/firestore.googleapis.com x-goog-quota-user=projects/manabilink-26389
[debug] [2025-11-07T07:12:56.384Z] <<< [apiv2][status] GET https://serviceusage.googleapis.com/v1/projects/manabilink-26389/services/firestore.googleapis.com 200
[debug] [2025-11-07T07:12:56.385Z] <<< [apiv2][body] GET https://serviceusage.googleapis.com/v1/projects/manabilink-26389/services/firestore.googleapis.com [omitted]
[info] +  firestore: required API firestore.googleapis.com is enabled 
[debug] [2025-11-07T07:12:56.412Z] Checked if tokens are valid: true, expires at: 1762502626076
[debug] [2025-11-07T07:12:56.412Z] Checked if tokens are valid: true, expires at: 1762502626076
[debug] [2025-11-07T07:12:56.413Z] >>> [apiv2][query] GET https://firestore.googleapis.com/v1/projects/manabilink-26389/databases [none]
[debug] [2025-11-07T07:12:56.943Z] <<< [apiv2][status] GET https://firestore.googleapis.com/v1/projects/manabilink-26389/databases 200
[debug] [2025-11-07T07:12:56.944Z] <<< [apiv2][body] GET https://firestore.googleapis.com/v1/projects/manabilink-26389/databases {"databases":[{"name":"projects/manabilink-26389/databases/manablink","uid":"494b9756-61ae-48d4-a39c-42474fbfc1f2","createTime":"2025-10-31T05:26:35.265468Z","updateTime":"2025-10-31T05:26:35.265468Z","locationId":"asia-east1","type":"FIRESTORE_NATIVE","concurrencyMode":"PESSIMISTIC","versionRetentionPeriod":"3600s","earliestVersionTime":"2025-11-07T06:12:56.992462Z","appEngineIntegrationMode":"DISABLED","pointInTimeRecoveryEnablement":"POINT_IN_TIME_RECOVERY_DISABLED","deleteProtectionState":"DELETE_PROTECTION_DISABLED","databaseEdition":"ENTERPRISE","freeTier":true,"realtimeUpdatesMode":"REALTIME_UPDATES_MODE_DISABLED","firestoreDataAccessMode":"DATA_ACCESS_MODE_DISABLED","mongodbCompatibleDataAccessMode":"DATA_ACCESS_MODE_ENABLED","etag":"IMv3u8m+35ADMPCp9IHazZAD"}]}
[info] 
[info] Firestore Security Rules allow you to define how and when to allow
[info] requests. You can keep these rules in your project directory
[info] and publish them with firebase deploy.
[info] 
[debug] [2025-11-07T07:12:58.200Z] Checked if tokens are valid: true, expires at: 1762502626076
[debug] [2025-11-07T07:12:58.200Z] Checked if tokens are valid: true, expires at: 1762502626076
[debug] [2025-11-07T07:12:58.200Z] >>> [apiv2][query] GET https://firebaserules.googleapis.com/v1/projects/manabilink-26389/releases pageSize=10&pageToken=
[debug] [2025-11-07T07:12:58.878Z] <<< [apiv2][status] GET https://firebaserules.googleapis.com/v1/projects/manabilink-26389/releases 200
[debug] [2025-11-07T07:12:58.879Z] <<< [apiv2][body] GET https://firebaserules.googleapis.com/v1/projects/manabilink-26389/releases {}
[info] 
[info] Firestore indexes allow you to perform complex queries while
[info] maintaining performance that scales with the size of the result
[info] set. You can keep index definitions in your project directory
[info] and publish them with firebase deploy.
[info] 
[debug] [2025-11-07T07:12:59.473Z] Checked if tokens are valid: true, expires at: 1762502626076
[debug] [2025-11-07T07:12:59.473Z] Checked if tokens are valid: true, expires at: 1762502626076
[debug] [2025-11-07T07:12:59.474Z] Checked if tokens are valid: true, expires at: 1762502626076
[debug] [2025-11-07T07:12:59.474Z] Checked if tokens are valid: true, expires at: 1762502626076
[debug] [2025-11-07T07:12:59.474Z] >>> [apiv2][query] GET https://firestore.googleapis.com/v1/projects/manabilink-26389/databases/manablink/collectionGroups/-/indexes [none]
[debug] [2025-11-07T07:12:59.475Z] >>> [apiv2][query] GET https://firestore.googleapis.com/v1/projects/manabilink-26389/databases/manablink/collectionGroups/-/fields?filter=indexConfig.usesAncestorConfig=false OR ttlConfig:* [none]
[debug] [2025-11-07T07:12:59.768Z] <<< [apiv2][status] GET https://firestore.googleapis.com/v1/projects/manabilink-26389/databases/manablink/collectionGroups/-/indexes 200
[debug] [2025-11-07T07:12:59.769Z] <<< [apiv2][body] GET https://firestore.googleapis.com/v1/projects/manabilink-26389/databases/manablink/collectionGroups/-/indexes {}
[debug] [2025-11-07T07:12:59.866Z] <<< [apiv2][status] GET https://firestore.googleapis.com/v1/projects/manabilink-26389/databases/manablink/collectionGroups/-/fields?filter=indexConfig.usesAncestorConfig=false OR ttlConfig:* 200
[debug] [2025-11-07T07:12:59.866Z] <<< [apiv2][body] GET https://firestore.googleapis.com/v1/projects/manabilink-26389/databases/manablink/collectionGroups/-/fields?filter=indexConfig.usesAncestorConfig=false OR ttlConfig:* {"fields":[{"name":"projects/manabilink-26389/databases/manablink/collectionGroups/__default__/fields/*","indexConfig":{}}]}
[info] i  Downloaded the existing Firestore indexes from the Firebase console 
[info] +  Wrote firestore.rules 
[info] +  Wrote firestore.indexes.json 
[info] 
=== Hosting Setup
[debug] [2025-11-07T07:12:59.892Z] Checked if tokens are valid: true, expires at: 1762502626076
[debug] [2025-11-07T07:12:59.893Z] Checked if tokens are valid: true, expires at: 1762502626076
[debug] [2025-11-07T07:12:59.894Z] >>> [apiv2][query] GET https://firebase.googleapis.com/v1beta1/projects/manabilink-26389 [none]
[debug] [2025-11-07T07:13:00.186Z] <<< [apiv2][status] GET https://firebase.googleapis.com/v1beta1/projects/manabilink-26389 200
[debug] [2025-11-07T07:13:00.186Z] <<< [apiv2][body] GET https://firebase.googleapis.com/v1beta1/projects/manabilink-26389 {"projectId":"manabilink-26389","projectNumber":"511559359273","displayName":"ManabiLink","name":"projects/manabilink-26389","resources":{"hostingSite":"manabilink-26389"},"state":"ACTIVE","etag":"1_94ef441f-a773-45fa-87b3-60d6360269c2"}
[info] 
[info] Your public directory is the folder (relative to your project directory) that
[info] will contain Hosting assets to be uploaded with firebase deploy. If you
[info] have a build process for your assets, use your build's output directory.
[info] 
[info] 
[info] i  Detected a .git folder at C:\Users\xdfcg\manabi-admin 
[info] i  Authorizing with GitHub to upload your service account to a GitHub repository's secrets store. 
[info] 
[info] Visit this URL on this device to log in:
[info] https://github.com/login/oauth/authorize?client_id=89cf50f02ac6aaed3484&state=438815724&redirect_uri=http%3A%2F%2Flocalhost%3A9005&scope=read%3Auser%20repo%20public_repo
[info] 
[info] Waiting for authentication...
[debug] [2025-11-07T07:13:28.150Z] >>> [apiv2][query] POST https://github.com/login/oauth/access_token [none]
[debug] [2025-11-07T07:13:28.150Z] >>> [apiv2][body] POST https://github.com/login/oauth/access_token [stream]
[debug] [2025-11-07T07:13:28.485Z] <<< [apiv2][status] POST https://github.com/login/oauth/access_token 200
[debug] [2025-11-07T07:13:28.486Z] <<< [apiv2][body] POST https://github.com/login/oauth/access_token {"access_token":"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","token_type":"bearer","scope":"read:user,repo"}
[debug] [2025-11-07T07:13:28.500Z] >>> [apiv2][query] GET https://api.github.com/user [none]
[debug] [2025-11-07T07:13:28.910Z] <<< [apiv2][status] GET https://api.github.com/user 200
[debug] [2025-11-07T07:13:28.910Z] <<< [apiv2][body] GET https://api.github.com/user {"login":"wakigen","id":234564163,"node_id":"U_kgDODfsqQw","avatar_url":"https://avatars.githubusercontent.com/u/234564163?v=4","gravatar_id":"","url":"https://api.github.com/users/wakigen","html_url":"https://github.com/wakigen","followers_url":"https://api.github.com/users/wakigen/followers","following_url":"https://api.github.com/users/wakigen/following{/other_user}","gists_url":"https://api.github.com/users/wakigen/gists{/gist_id}","starred_url":"https://api.github.com/users/wakigen/starred{/owner}{/repo}","subscriptions_url":"https://api.github.com/users/wakigen/subscriptions","organizations_url":"https://api.github.com/users/wakigen/orgs","repos_url":"https://api.github.com/users/wakigen/repos","events_url":"https://api.github.com/users/wakigen/events{/privacy}","received_events_url":"https://api.github.com/users/wakigen/received_events","type":"User","user_view_type":"private","site_admin":false,"name":null,"company":null,"blog":"","location":null,"email":null,"hireable":null,"bio":null,"twitter_username":null,"notification_email":null,"public_repos":0,"public_gists":0,"followers":0,"following":0,"created_at":"2025-09-26T07:34:57Z","updated_at":"2025-10-31T05:34:12Z","private_gists":0,"total_private_repos":0,"owned_private_repos":0,"disk_usage":0,"collaborators":0,"two_factor_authentication":false,"plan":{"name":"free","space":976562499,"collaborators":0,"private_repos":10000}}
[info] 
[info] +  Success! Logged into GitHub as wakigen 
[info] 
[debug] [2025-11-07T07:13:34.637Z] >>> [apiv2][query] GET https://api.github.com/repos//actions/secrets/public-key type=owner
[debug] [2025-11-07T07:13:34.964Z] <<< [apiv2][status] GET https://api.github.com/repos//actions/secrets/public-key 404
[debug] [2025-11-07T07:13:34.964Z] <<< [apiv2][body] GET https://api.github.com/repos//actions/secrets/public-key {"message":"Not Found","documentation_url":"https://docs.github.com/rest","status":"404"}
[info] 
[info] 
[error] !  The provided authorization cannot be used with this repository. If this repository is in an organization, did you remember to grant access? 
[info] 
[info] i  Action required: Visit this URL to ensure access has been granted to the appropriate organization(s) for the Firebase CLI GitHub OAuth App: 
[info] https://github.com/settings/connections/applications/89cf50f02ac6aaed3484
[info] 
[debug] [2025-11-07T07:13:45.313Z] >>> [apiv2][query] GET https://api.github.com/repos/ManabiLink/manabi-admin/actions/secrets/public-key type=owner
[debug] [2025-11-07T07:13:45.723Z] <<< [apiv2][status] GET https://api.github.com/repos/ManabiLink/manabi-admin/actions/secrets/public-key 404
[debug] [2025-11-07T07:13:45.724Z] <<< [apiv2][body] GET https://api.github.com/repos/ManabiLink/manabi-admin/actions/secrets/public-key {"message":"Not Found","documentation_url":"https://docs.github.com/rest/actions/secrets#get-a-repository-public-key","status":"404"}
[info] 
[info] 
[error] !  The provided authorization cannot be used with this repository. If this repository is in an organization, did you remember to grant access? 
[info] 
[info] i  Action required: Visit this URL to ensure access has been granted to the appropriate organization(s) for the Firebase CLI GitHub OAuth App: 
[info] https://github.com/settings/connections/applications/89cf50f02ac6aaed3484
[info] 
[debug] [2025-11-07T07:13:52.486Z] ExitPromptError: User force closed the prompt with SIGINT
    at Interface.sigint (C:\Users\xdfcg\AppData\Roaming\npm\node_modules\firebase-tools\node_modules\@inquirer\core\dist\commonjs\lib\create-prompt.js:101:37)
    at Interface.emit (node:events:508:28)
    at Interface.emit (node:domain:489:12)
    at [_ttyWrite] [as _ttyWrite] (node:internal/readline/interface:1317:18)
    at ReadStream.onkeypress (node:internal/readline/interface:284:20)
    at ReadStream.emit (node:events:520:35)
    at ReadStream.emit (node:domain:489:12)
    at emitKeys (node:internal/readline/utils:371:14)
    at emitKeys.next (<anonymous>)
    at ReadStream.onData (node:internal/readline/emitKeypressEvents:64:36)
[error] 
[error] Error: An unexpected error has occurred.
[debug] [2025-11-07T07:14:05.834Z] ----------------------------------------------------------------------
[debug] [2025-11-07T07:14:05.838Z] Command:       C:\Program Files\nodejs\node.exe C:\Users\xdfcg\AppData\Roaming\npm\node_modules\firebase-tools\lib\bin\firebase.js init
[debug] [2025-11-07T07:14:05.838Z] CLI Version:   14.24.0
[debug] [2025-11-07T07:14:05.838Z] Platform:      win32
[debug] [2025-11-07T07:14:05.838Z] Node Version:  v24.11.0
[debug] [2025-11-07T07:14:05.839Z] Time:          Fri Nov 07 2025 16:14:05 GMT+0900 (日本標準時)
[debug] [2025-11-07T07:14:05.839Z] ----------------------------------------------------------------------
[debug] 
[info] 
     ######## #### ########  ######## ########     ###     ######  ########
     ##        ##  ##     ## ##       ##     ##  ##   ##  ##       ##
     ######    ##  ########  ######   ########  #########  ######  ######
     ##        ##  ##    ##  ##       ##     ## ##     ##       ## ##
     ##       #### ##     ## ######## ########  ##     ##  ######  ########

You're about to initialize a Firebase project in this directory:

  C:\Users\xdfcg\manabi-admin

[info] 
=== Project Setup
[info] 
[info] First, let's associate this project directory with a Firebase project.
[info] You can create multiple project aliases by running firebase use --add, 
[info] 
[debug] [2025-11-07T07:18:14.696Z] > command requires scopes: ["email","openid","https://www.googleapis.com/auth/cloudplatformprojects.readonly","https://www.googleapis.com/auth/firebase","https://www.googleapis.com/auth/cloud-platform"]
[debug] [2025-11-07T07:18:14.697Z] > authorizing via signed-in user (n.taiga2412.n@gmail.com)
[debug] [2025-11-07T07:18:14.698Z] Checked if tokens are valid: true, expires at: 1762502626076
[debug] [2025-11-07T07:18:14.699Z] Checked if tokens are valid: true, expires at: 1762502626076
[debug] [2025-11-07T07:18:14.700Z] >>> [apiv2][query] GET https://firebase.googleapis.com/v1beta1/projects/manabilink-26389 [none]
[debug] [2025-11-07T07:18:15.215Z] <<< [apiv2][status] GET https://firebase.googleapis.com/v1beta1/projects/manabilink-26389 200
[debug] [2025-11-07T07:18:15.215Z] <<< [apiv2][body] GET https://firebase.googleapis.com/v1beta1/projects/manabilink-26389 {"projectId":"manabilink-26389","projectNumber":"511559359273","displayName":"ManabiLink","name":"projects/manabilink-26389","resources":{"hostingSite":"manabilink-26389"},"state":"ACTIVE","etag":"1_94ef441f-a773-45fa-87b3-60d6360269c2"}
[info] i  Using project manabilink-26389 (ManabiLink) . 
[info] 
=== Firestore Setup
[info] i  firestore: ensuring required API firestore.googleapis.com is enabled... 
[debug] [2025-11-07T07:18:15.252Z] Checked if tokens are valid: true, expires at: 1762502626076
[debug] [2025-11-07T07:18:15.252Z] Checked if tokens are valid: true, expires at: 1762502626076
[debug] [2025-11-07T07:18:15.252Z] >>> [apiv2][query] GET https://firestore.googleapis.com/v1/projects/manabilink-26389/databases [none]
[debug] [2025-11-07T07:18:15.938Z] <<< [apiv2][status] GET https://firestore.googleapis.com/v1/projects/manabilink-26389/databases 200
[debug] [2025-11-07T07:18:15.938Z] <<< [apiv2][body] GET https://firestore.googleapis.com/v1/projects/manabilink-26389/databases {"databases":[{"name":"projects/manabilink-26389/databases/manablink","uid":"494b9756-61ae-48d4-a39c-42474fbfc1f2","createTime":"2025-10-31T05:26:35.265468Z","updateTime":"2025-10-31T05:26:35.265468Z","locationId":"asia-east1","type":"FIRESTORE_NATIVE","concurrencyMode":"PESSIMISTIC","versionRetentionPeriod":"3600s","earliestVersionTime":"2025-11-07T06:18:15.887936Z","appEngineIntegrationMode":"DISABLED","pointInTimeRecoveryEnablement":"POINT_IN_TIME_RECOVERY_DISABLED","deleteProtectionState":"DELETE_PROTECTION_DISABLED","databaseEdition":"ENTERPRISE","freeTier":true,"realtimeUpdatesMode":"REALTIME_UPDATES_MODE_DISABLED","firestoreDataAccessMode":"DATA_ACCESS_MODE_DISABLED","mongodbCompatibleDataAccessMode":"DATA_ACCESS_MODE_ENABLED","etag":"IN6nw+G/35ADMPCp9IHazZAD"}]}
[info] 
[info] Firestore Security Rules allow you to define how and when to allow
[info] requests. You can keep these rules in your project directory
[info] and publish them with firebase deploy.
[info] 
[debug] [2025-11-07T07:18:17.126Z] Checked if tokens are valid: true, expires at: 1762502626076
[debug] [2025-11-07T07:18:17.126Z] Checked if tokens are valid: true, expires at: 1762502626076
[debug] [2025-11-07T07:18:17.126Z] >>> [apiv2][query] GET https://firebaserules.googleapis.com/v1/projects/manabilink-26389/releases pageSize=10&pageToken=
[debug] [2025-11-07T07:18:17.615Z] <<< [apiv2][status] GET https://firebaserules.googleapis.com/v1/projects/manabilink-26389/releases 200
[debug] [2025-11-07T07:18:17.615Z] <<< [apiv2][body] GET https://firebaserules.googleapis.com/v1/projects/manabilink-26389/releases {}
[info] i  firestore.rules is unchanged 
[info] 
[info] Firestore indexes allow you to perform complex queries while
[info] maintaining performance that scales with the size of the result
[info] set. You can keep index definitions in your project directory
[info] and publish them with firebase deploy.
[info] 
[debug] [2025-11-07T07:18:18.481Z] Checked if tokens are valid: true, expires at: 1762502626076
[debug] [2025-11-07T07:18:18.481Z] Checked if tokens are valid: true, expires at: 1762502626076
[debug] [2025-11-07T07:18:18.481Z] Checked if tokens are valid: true, expires at: 1762502626076
[debug] [2025-11-07T07:18:18.481Z] Checked if tokens are valid: true, expires at: 1762502626076
[debug] [2025-11-07T07:18:18.481Z] >>> [apiv2][query] GET https://firestore.googleapis.com/v1/projects/manabilink-26389/databases/manablink/collectionGroups/-/indexes [none]
[debug] [2025-11-07T07:18:18.482Z] >>> [apiv2][query] GET https://firestore.googleapis.com/v1/projects/manabilink-26389/databases/manablink/collectionGroups/-/fields?filter=indexConfig.usesAncestorConfig=false OR ttlConfig:* [none]
[debug] [2025-11-07T07:18:18.973Z] <<< [apiv2][status] GET https://firestore.googleapis.com/v1/projects/manabilink-26389/databases/manablink/collectionGroups/-/fields?filter=indexConfig.usesAncestorConfig=false OR ttlConfig:* 200
[debug] [2025-11-07T07:18:18.973Z] <<< [apiv2][body] GET https://firestore.googleapis.com/v1/projects/manabilink-26389/databases/manablink/collectionGroups/-/fields?filter=indexConfig.usesAncestorConfig=false OR ttlConfig:* {"fields":[{"name":"projects/manabilink-26389/databases/manablink/collectionGroups/__default__/fields/*","indexConfig":{}}]}
[debug] [2025-11-07T07:18:18.975Z] <<< [apiv2][status] GET https://firestore.googleapis.com/v1/projects/manabilink-26389/databases/manablink/collectionGroups/-/indexes 200
[debug] [2025-11-07T07:18:18.975Z] <<< [apiv2][body] GET https://firestore.googleapis.com/v1/projects/manabilink-26389/databases/manablink/collectionGroups/-/indexes {}
[info] i  Downloaded the existing Firestore indexes from the Firebase console 
[info] i  firestore.indexes.json is unchanged 
[info] +  Wrote firestore.indexes.json 
[info] 
=== Hosting Setup
[debug] [2025-11-07T07:18:19.009Z] Checked if tokens are valid: true, expires at: 1762502626076
[debug] [2025-11-07T07:18:19.009Z] Checked if tokens are valid: true, expires at: 1762502626076
[debug] [2025-11-07T07:18:19.010Z] >>> [apiv2][query] GET https://firebase.googleapis.com/v1beta1/projects/manabilink-26389 [none]
[debug] [2025-11-07T07:18:19.383Z] <<< [apiv2][status] GET https://firebase.googleapis.com/v1beta1/projects/manabilink-26389 200
[debug] [2025-11-07T07:18:19.384Z] <<< [apiv2][body] GET https://firebase.googleapis.com/v1beta1/projects/manabilink-26389 {"projectId":"manabilink-26389","projectNumber":"511559359273","displayName":"ManabiLink","name":"projects/manabilink-26389","resources":{"hostingSite":"manabilink-26389"},"state":"ACTIVE","etag":"1_94ef441f-a773-45fa-87b3-60d6360269c2"}
[info] 
[info] Your public directory is the folder (relative to your project directory) that
[info] will contain Hosting assets to be uploaded with firebase deploy. If you
[info] have a build process for your assets, use your build's output directory.
[info] 
[info] 
[info] i  Detected a .git folder at C:\Users\xdfcg\manabi-admin 
[info] i  Authorizing with GitHub to upload your service account to a GitHub repository's secrets store. 
[info] 
[info] Visit this URL on this device to log in:
[info] https://github.com/login/oauth/authorize?client_id=89cf50f02ac6aaed3484&state=724207309&redirect_uri=http%3A%2F%2Flocalhost%3A9005&scope=read%3Auser%20repo%20public_repo
[info] 
[info] Waiting for authentication...
[debug] [2025-11-07T07:18:25.771Z] >>> [apiv2][query] POST https://github.com/login/oauth/access_token [none]
[debug] [2025-11-07T07:18:25.771Z] >>> [apiv2][body] POST https://github.com/login/oauth/access_token [stream]
[debug] [2025-11-07T07:18:26.382Z] <<< [apiv2][status] POST https://github.com/login/oauth/access_token 200
[debug] [2025-11-07T07:18:26.382Z] <<< [apiv2][body] POST https://github.com/login/oauth/access_token {"access_token":"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","token_type":"bearer","scope":"read:user,repo"}
[debug] [2025-11-07T07:18:26.390Z] >>> [apiv2][query] GET https://api.github.com/user [none]
[debug] [2025-11-07T07:18:26.901Z] <<< [apiv2][status] GET https://api.github.com/user 200
[debug] [2025-11-07T07:18:26.901Z] <<< [apiv2][body] GET https://api.github.com/user {"login":"wakigen","id":234564163,"node_id":"U_kgDODfsqQw","avatar_url":"https://avatars.githubusercontent.com/u/234564163?v=4","gravatar_id":"","url":"https://api.github.com/users/wakigen","html_url":"https://github.com/wakigen","followers_url":"https://api.github.com/users/wakigen/followers","following_url":"https://api.github.com/users/wakigen/following{/other_user}","gists_url":"https://api.github.com/users/wakigen/gists{/gist_id}","starred_url":"https://api.github.com/users/wakigen/starred{/owner}{/repo}","subscriptions_url":"https://api.github.com/users/wakigen/subscriptions","organizations_url":"https://api.github.com/users/wakigen/orgs","repos_url":"https://api.github.com/users/wakigen/repos","events_url":"https://api.github.com/users/wakigen/events{/privacy}","received_events_url":"https://api.github.com/users/wakigen/received_events","type":"User","user_view_type":"private","site_admin":false,"name":null,"company":null,"blog":"","location":null,"email":null,"hireable":null,"bio":null,"twitter_username":null,"notification_email":null,"public_repos":0,"public_gists":0,"followers":0,"following":0,"created_at":"2025-09-26T07:34:57Z","updated_at":"2025-10-31T05:34:12Z","private_gists":0,"total_private_repos":0,"owned_private_repos":0,"disk_usage":0,"collaborators":0,"two_factor_authentication":false,"plan":{"name":"free","space":976562499,"collaborators":0,"private_repos":10000}}
[info] 
[info] +  Success! Logged into GitHub as wakigen 
[info] 
[debug] [2025-11-07T07:18:36.752Z] >>> [apiv2][query] GET https://api.github.com/repos//actions/secrets/public-key type=owner
[debug] [2025-11-07T07:18:37.034Z] <<< [apiv2][status] GET https://api.github.com/repos//actions/secrets/public-key 404
[debug] [2025-11-07T07:18:37.035Z] <<< [apiv2][body] GET https://api.github.com/repos//actions/secrets/public-key {"message":"Not Found","documentation_url":"https://docs.github.com/rest","status":"404"}
[info] 
[info] 
[error] !  The provided authorization cannot be used with this repository. If this repository is in an organization, did you remember to grant access? 
[info] 
[info] i  Action required: Visit this URL to ensure access has been granted to the appropriate organization(s) for the Firebase CLI GitHub OAuth App: 
[info] https://github.com/settings/connections/applications/89cf50f02ac6aaed3484
[info] 
[debug] [2025-11-07T07:21:16.217Z] >>> [apiv2][query] GET https://api.github.com/repos//actions/secrets/public-key type=owner
[debug] [2025-11-07T07:21:16.526Z] <<< [apiv2][status] GET https://api.github.com/repos//actions/secrets/public-key 404
[debug] [2025-11-07T07:21:16.526Z] <<< [apiv2][body] GET https://api.github.com/repos//actions/secrets/public-key {"message":"Not Found","documentation_url":"https://docs.github.com/rest","status":"404"}
[info] 
[info] 
[error] !  The provided authorization cannot be used with this repository. If this repository is in an organization, did you remember to grant access? 
[info] 
[info] i  Action required: Visit this URL to ensure access has been granted to the appropriate organization(s) for the Firebase CLI GitHub OAuth App: 
[info] https://github.com/settings/connections/applications/89cf50f02ac6aaed3484
[info] 
[debug] [2025-11-07T07:21:16.771Z] >>> [apiv2][query] GET https://api.github.com/repos//actions/secrets/public-key type=owner
[debug] [2025-11-07T07:21:17.063Z] <<< [apiv2][status] GET https://api.github.com/repos//actions/secrets/public-key 404
[debug] [2025-11-07T07:21:17.064Z] <<< [apiv2][body] GET https://api.github.com/repos//actions/secrets/public-key {"message":"Not Found","documentation_url":"https://docs.github.com/rest","status":"404"}
[info] 
[info] 
[error] !  The provided authorization cannot be used with this repository. If this repository is in an organization, did you remember to grant access? 
[info] 
[info] i  Action required: Visit this URL to ensure access has been granted to the appropriate organization(s) for the Firebase CLI GitHub OAuth App: 
[info] https://github.com/settings/connections/applications/89cf50f02ac6aaed3484
[info] 
[debug] [2025-11-07T07:23:43.315Z] >>> [apiv2][query] GET https://api.github.com/repos/ManabiLink/manabi-admi n/actions/secrets/public-key type=owner
[debug] [2025-11-07T07:23:43.707Z] <<< [apiv2][status] GET https://api.github.com/repos/ManabiLink/manabi-admi n/actions/secrets/public-key 404
[debug] [2025-11-07T07:23:43.708Z] <<< [apiv2][body] GET https://api.github.com/repos/ManabiLink/manabi-admi n/actions/secrets/public-key {"message":"Not Found","documentation_url":"https://docs.github.com/rest/actions/secrets#get-a-repository-public-key","status":"404"}
[info] 
[info] 
[error] !  The provided authorization cannot be used with this repository. If this repository is in an organization, did you remember to grant access? 
[info] 
[info] i  Action required: Visit this URL to ensure access has been granted to the appropriate organization(s) for the Firebase CLI GitHub OAuth App: 
[info] https://github.com/settings/connections/applications/89cf50f02ac6aaed3484
[info] 
[debug] [2025-11-07T07:24:12.847Z] >>> [apiv2][query] GET https://api.github.com/repos/ManabiLink/manabi-admin/actions/secrets/public-key type=owner
[debug] [2025-11-07T07:24:13.251Z] <<< [apiv2][status] GET https://api.github.com/repos/ManabiLink/manabi-admin/actions/secrets/public-key 404
[debug] [2025-11-07T07:24:13.251Z] <<< [apiv2][body] GET https://api.github.com/repos/ManabiLink/manabi-admin/actions/secrets/public-key {"message":"Not Found","documentation_url":"https://docs.github.com/rest/actions/secrets#get-a-repository-public-key","status":"404"}
[info] 
[info] 
[error] !  The provided authorization cannot be used with this repository. If this repository is in an organization, did you remember to grant access? 
[info] 
[info] i  Action required: Visit this URL to ensure access has been granted to the appropriate organization(s) for the Firebase CLI GitHub OAuth App: 
[info] https://github.com/settings/connections/applications/89cf50f02ac6aaed3484
[info] 
[debug] [2025-11-07T07:24:49.917Z] >>> [apiv2][query] GET https://api.github.com/repos/ManabiLink/manabi-admin/actions/secrets/public-key type=owner
[debug] [2025-11-07T07:24:50.318Z] <<< [apiv2][status] GET https://api.github.com/repos/ManabiLink/manabi-admin/actions/secrets/public-key 404
[debug] [2025-11-07T07:24:50.318Z] <<< [apiv2][body] GET https://api.github.com/repos/ManabiLink/manabi-admin/actions/secrets/public-key {"message":"Not Found","documentation_url":"https://docs.github.com/rest/actions/secrets#get-a-repository-public-key","status":"404"}
[info] 
[info] 
[error] !  The provided authorization cannot be used with this repository. If this repository is in an organization, did you remember to grant access? 
[info] 
[info] i  Action required: Visit this URL to ensure access has been granted to the appropriate organization(s) for the Firebase CLI GitHub OAuth App: 
[info] https://github.com/settings/connections/applications/89cf50f02ac6aaed3484
[info] 
[debug] [2025-11-07T07:26:48.804Z] >>> [apiv2][query] GET https://api.github.com/repos/ManabiLink/manabi-admin/actions/secrets/public-key type=owner
[debug] [2025-11-07T07:26:49.189Z] <<< [apiv2][status] GET https://api.github.com/repos/ManabiLink/manabi-admin/actions/secrets/public-key 404
[debug] [2025-11-07T07:26:49.189Z] <<< [apiv2][body] GET https://api.github.com/repos/ManabiLink/manabi-admin/actions/secrets/public-key {"message":"Not Found","documentation_url":"https://docs.github.com/rest/actions/secrets#get-a-repository-public-key","status":"404"}
[info] 
[info] 
[error] !  The provided authorization cannot be used with this repository. If this repository is in an organization, did you remember to grant access? 
[info] 
[info] i  Action required: Visit this URL to ensure access has been granted to the appropriate organization(s) for the Firebase CLI GitHub OAuth App: 
[info] https://github.com/settings/connections/applications/89cf50f02ac6aaed3484
[info] 
[debug] [2025-11-07T07:27:45.776Z] >>> [apiv2][query] GET https://api.github.com/repos/ManabiLink/manabi-admin/actions/secrets/public-key type=owner
[debug] [2025-11-07T07:27:46.218Z] <<< [apiv2][status] GET https://api.github.com/repos/ManabiLink/manabi-admin/actions/secrets/public-key 404
[debug] [2025-11-07T07:27:46.218Z] <<< [apiv2][body] GET https://api.github.com/repos/ManabiLink/manabi-admin/actions/secrets/public-key {"message":"Not Found","documentation_url":"https://docs.github.com/rest/actions/secrets#get-a-repository-public-key","status":"404"}
[info] 
[info] 
[error] !  The provided authorization cannot be used with this repository. If this repository is in an organization, did you remember to grant access? 
[info] 
[info] i  Action required: Visit this URL to ensure access has been granted to the appropriate organization(s) for the Firebase CLI GitHub OAuth App: 
[info] https://github.com/settings/connections/applications/89cf50f02ac6aaed3484
[info] 
[debug] [2025-11-07T07:28:30.947Z] >>> [apiv2][query] GET https://api.github.com/repos/ManabiLink/manabi-admin/actions/secrets/public-key type=owner
[debug] [2025-11-07T07:28:31.328Z] <<< [apiv2][status] GET https://api.github.com/repos/ManabiLink/manabi-admin/actions/secrets/public-key 404
[debug] [2025-11-07T07:28:31.329Z] <<< [apiv2][body] GET https://api.github.com/repos/ManabiLink/manabi-admin/actions/secrets/public-key {"message":"Not Found","documentation_url":"https://docs.github.com/rest/actions/secrets#get-a-repository-public-key","status":"404"}
[info] 
[info] 
[error] !  The provided authorization cannot be used with this repository. If this repository is in an organization, did you remember to grant access? 
[info] 
[info] i  Action required: Visit this URL to ensure access has been granted to the appropriate organization(s) for the Firebase CLI GitHub OAuth App: 
[info] https://github.com/settings/connections/applications/89cf50f02ac6aaed3484
[info] 
